<?xml version="1.0" encoding="UTF-8"?>
<testsuite xmlns:xsi="http://www.w3.org/2001/XMLSchema-instance" xsi:noNamespaceSchemaLocation="https://maven.apache.org/surefire/maven-surefire-plugin/xsd/surefire-test-report.xsd" name="github.x1n32.CalculatorTest" time="0.089" tests="10" errors="0" skipped="0" failures="0">
  <properties>
    <property name="awt.toolkit" value="sun.awt.X11.XToolkit"/>
    <property name="java.specification.version" value="11"/>
    <property name="sun.cpu.isalist" value=""/>
    <property name="sun.jnu.encoding" value="UTF-8"/>
    <property name="java.class.path" value="/workspace/Interactive-Support-for-Learning-Collaborative-Software-Development/target/test-classes:/workspace/Interactive-Support-for-Learning-Collaborative-Software-Development/target/classes:/workspace/m2-repository/junit/junit/4.13.1/junit-4.13.1.jar:/workspace/m2-repository/org/hamcrest/hamcrest-core/1.3/hamcrest-core-1.3.jar:/workspace/m2-repository/org/junit/jupiter/junit-jupiter-api/5.8.2/junit-jupiter-api-5.8.2.jar:/workspace/m2-repository/org/opentest4j/opentest4j/1.2.0/opentest4j-1.2.0.jar:/workspace/m2-repository/org/junit/platform/junit-platform-commons/1.8.2/junit-platform-commons-1.8.2.jar:/workspace/m2-repository/org/apiguardian/apiguardian-api/1.1.2/apiguardian-api-1.1.2.jar:/workspace/m2-repository/org/junit/jupiter/junit-jupiter-engine/5.8.2/junit-jupiter-engine-5.8.2.jar:/workspace/m2-repository/org/junit/platform/junit-platform-engine/1.8.2/junit-platform-engine-1.8.2.jar:"/>
    <property name="java.vm.vendor" value="Azul Systems, Inc."/>
    <property name="sun.arch.data.model" value="64"/>
    <property name="java.vendor.url" value="http://www.azul.com/"/>
    <property name="user.timezone" value=""/>
    <property name="java.vm.specification.version" value="11"/>
    <property name="os.name" value="Linux"/>
    <property name="sun.java.launcher" value="SUN_STANDARD"/>
    <property name="user.country" value="US"/>
    <property name="sun.boot.library.path" value="/home/gitpod/.sdkman/candidates/java/11.0.13.fx-zulu/lib"/>
    <property name="sun.java.command" value="/workspace/Interactive-Support-for-Learning-Collaborative-Software-Development/target/surefire/surefirebooter17558908432558044923.jar /workspace/Interactive-Support-for-Learning-Collaborative-Software-Development/target/surefire 2022-04-03T12-12-13_696-jvmRun1 surefire18213652543180379959tmp surefire_012125989505972702984tmp"/>
    <property name="jdk.debug" value="release"/>
    <property name="surefire.test.class.path" value="/workspace/Interactive-Support-for-Learning-Collaborative-Software-Development/target/test-classes:/workspace/Interactive-Support-for-Learning-Collaborative-Software-Development/target/classes:/workspace/m2-repository/junit/junit/4.13.1/junit-4.13.1.jar:/workspace/m2-repository/org/hamcrest/hamcrest-core/1.3/hamcrest-core-1.3.jar:/workspace/m2-repository/org/junit/jupiter/junit-jupiter-api/5.8.2/junit-jupiter-api-5.8.2.jar:/workspace/m2-repository/org/opentest4j/opentest4j/1.2.0/opentest4j-1.2.0.jar:/workspace/m2-repository/org/junit/platform/junit-platform-commons/1.8.2/junit-platform-commons-1.8.2.jar:/workspace/m2-repository/org/apiguardian/apiguardian-api/1.1.2/apiguardian-api-1.1.2.jar:/workspace/m2-repository/org/junit/jupiter/junit-jupiter-engine/5.8.2/junit-jupiter-engine-5.8.2.jar:/workspace/m2-repository/org/junit/platform/junit-platform-engine/1.8.2/junit-platform-engine-1.8.2.jar:"/>
    <property name="sun.cpu.endian" value="little"/>
    <property name="user.home" value="/home/gitpod"/>
    <property name="user.language" value="en"/>
    <property name="java.specification.vendor" value="Oracle Corporation"/>
    <property name="java.version.date" value="2021-10-19"/>
    <property name="java.home" value="/home/gitpod/.sdkman/candidates/java/11.0.13.fx-zulu"/>
    <property name="file.separator" value="/"/>
    <property name="basedir" value="/workspace/Interactive-Support-for-Learning-Collaborative-Software-Development"/>
    <property name="java.vm.compressedOopsMode" value="Zero based"/>
    <property name="line.separator" value="&#10;"/>
    <property name="java.specification.name" value="Java Platform API Specification"/>
    <property name="java.vm.specification.vendor" value="Oracle Corporation"/>
    <property name="jdk.vendor.version" value="Zulu11.52+13-CA"/>
    <property name="java.awt.graphicsenv" value="sun.awt.X11GraphicsEnvironment"/>
    <property name="surefire.real.class.path" value="/workspace/Interactive-Support-for-Learning-Collaborative-Software-Development/target/surefire/surefirebooter17558908432558044923.jar"/>
    <property name="sun.management.compiler" value="HotSpot 64-Bit Tiered Compilers"/>
    <property name="java.runtime.version" value="11.0.13+8-LTS"/>
    <property name="user.name" value="gitpod"/>
    <property name="path.separator" value=":"/>
    <property name="os.version" value="5.16.14-051614-generic"/>
    <property name="java.runtime.name" value="OpenJDK Runtime Environment"/>
    <property name="file.encoding" value="UTF-8"/>
    <property name="java.vm.name" value="OpenJDK 64-Bit Server VM"/>
    <property name="java.vendor.version" value="Zulu11.52+13-CA"/>
    <property name="localRepository" value="/workspace/m2-repository"/>
    <property name="java.vendor.url.bug" value="http://www.azul.com/support/"/>
    <property name="java.io.tmpdir" value="/tmp"/>
    <property name="java.version" value="11.0.13"/>
    <property name="user.dir" value="/workspace/Interactive-Support-for-Learning-Collaborative-Software-Development"/>
    <property name="os.arch" value="amd64"/>
    <property name="java.vm.specification.name" value="Java Virtual Machine Specification"/>
    <property name="java.awt.printerjob" value="sun.print.PSPrinterJob"/>
    <property name="sun.os.patch.level" value="unknown"/>
    <property name="java.library.path" value="/usr/java/packages/lib:/usr/lib64:/lib64:/lib:/usr/lib"/>
    <property name="java.vm.info" value="mixed mode"/>
    <property name="java.vendor" value="Azul Systems, Inc."/>
    <property name="java.vm.version" value="11.0.13+8-LTS"/>
    <property name="sun.io.unicode.encoding" value="UnicodeLittle"/>
    <property name="java.class.version" value="55.0"/>
  </properties>
  <testcase name="computeCircleArea" classname="github.x1n32.CalculatorTest$calcTest" time="0"/>
  <testcase name="shouldAnswerWithTrue" classname="github.x1n32.CalculatorTest$calcTest" time="0"/>
  <testcase name="shouldAnswerWithFalse" classname="github.x1n32.CalculatorTest$calcTest" time="0"/>
  <testcase name="testAddingTwoPositives" classname="github.x1n32.CalculatorTest$calcTest" time="0"/>
  <testcase name="testDivideArgumentException" classname="github.x1n32.CalculatorTest$calcTest" time="0"/>
  <testcase name="testDivide" classname="github.x1n32.CalculatorTest$calcTest" time="0"/>
  <testcase name="testFiftyTimesTwo_ReturnsOneHundred" classname="github.x1n32.CalculatorTest$calcTest" time="0"/>
  <testcase name="testMultiply" classname="github.x1n32.CalculatorTest$calcTest" time="0"/>
  <testcase name="testAddingTwoNegatives" classname="github.x1n32.CalculatorTest$calcTest" time="0.001"/>
  <testcase name="testAddingAPositiveAndANegative" classname="github.x1n32.CalculatorTest$calcTest" time="0.001"/>
</testsuite>